#
# There is insufficient memory for the Java Runtime Environment to continue.
# Native memory allocation (mmap) failed to map 1040384 bytes. Error detail: G1 virtual space
# Possible reasons:
#   The system is out of physical RAM or swap space
#   This process is running with CompressedOops enabled, and the Java Heap may be blocking the growth of the native heap
# Possible solutions:
#   Reduce memory load on the system
#   Increase physical memory or swap space
#   Check if swap backing store is full
#   Decrease Java heap size (-Xmx/-Xms)
#   Decrease number of Java threads
#   Decrease Java thread stack sizes (-Xss)
#   Set larger code cache with -XX:ReservedCodeCacheSize=
#   JVM is running with Zero Based Compressed Oops mode in which the Java heap is
#     placed in the first 32GB address space. The Java Heap base address is the
#     maximum limit for the native heap growth. Please use -XX:HeapBaseMinAddress
#     to set the Java Heap base and to place the Java Heap above 32GB virtual address.
# This output file may be truncated or incomplete.
#
#  Out of Memory Error (os_windows.cpp:3618), pid=59652, tid=7664
#
# JRE version:  (17.0.18+10) (build )
# Java VM: OpenJDK 64-Bit Server VM (17.0.18+10-LTS, mixed mode, sharing, tiered, compressed oops, compressed class ptrs, g1 gc, windows-amd64)
# No core dump will be written. Minidumps are not enabled by default on client versions of Windows
#

---------------  S U M M A R Y ------------

Command Line: -Dcom.sun.management.jmxremote -Dcom.sun.management.jmxremote.port=54536 -Dcom.sun.management.jmxremote.authenticate=false -Dcom.sun.management.jmxremote.ssl=false -Djava.rmi.server.hostname=localhost -Dspring.jmx.enabled=true -Dmanagement.endpoints.jmx.exposure.include=* -Dspring.application.admin.enabled=true -Djasypt.encryptor.password=my-project-key-99 -DMAIL_USERNAME=arlandzzz4@gmail.com -DMAIL_PASSWORD=uelnzzbdbavwlfww -Dspring.output.ansi.enabled=always -XX:TieredStopAtLevel=1 -Dspring.boot.project.name=demo -Dfile.encoding=UTF-8 -Dstdout.encoding=UTF-8 -Dstderr.encoding=UTF-8 -XX:+ShowCodeDetailsInExceptionMessages com.project.IoBApplication -Djasypt.encryptor.password=my-project-key-99 -DMAIL_USERNAME=arlandzzz4@gmail.com -DMAIL_PASSWORD=uelnzzbdbavwlfww

Host: Intel(R) Core(TM) Ultra 7 258V, 8 cores, 31G,  Windows 11 , 64 bit Build 26100 (10.0.26100.7920)
Time: Wed Apr  8 17:47:40 2026  Windows 11 , 64 bit Build 26100 (10.0.26100.7920) elapsed time: 2.097510 seconds (0d 0h 0m 2s)

---------------  T H R E A D  ---------------

Current thread (0x00000272c9d54530):  JavaThread "Unknown thread" [_thread_in_vm, id=7664, stack(0x000000fd2ac00000,0x000000fd2ad00000)]

Stack: [0x000000fd2ac00000,0x000000fd2ad00000]
Native frames: (J=compiled Java code, j=interpreted, Vv=VM code, C=native code)
V  [jvm.dll+0x681219]
V  [jvm.dll+0x837248]
V  [jvm.dll+0x838d0e]
V  [jvm.dll+0x839373]
V  [jvm.dll+0x248d4f]
V  [jvm.dll+0x67df39]
V  [jvm.dll+0x672afa]
V  [jvm.dll+0x307d26]
V  [jvm.dll+0x30f176]
V  [jvm.dll+0x35f73d]
V  [jvm.dll+0x35f91f]
V  [jvm.dll+0x2decbc]
V  [jvm.dll+0x2dfc14]
V  [jvm.dll+0x809c3b]
V  [jvm.dll+0x36d3b1]
V  [jvm.dll+0x7e8725]
V  [jvm.dll+0x3f1a8e]
V  [jvm.dll+0x3f3601]
C  [jli.dll+0x52a3]
C  [ucrtbase.dll+0x37b0]
C  [KERNEL32.DLL+0x2e8d7]
C  [ntdll.dll+0x8c48c]


---------------  P R O C E S S  ---------------

Threads class SMR info:
_java_thread_list=0x00007ffc09a6c5b8, length=0, elements={
}

Java Threads: ( => current thread )

Other Threads:
  0x00000272e95e09d0 GCTaskThread "GC Thread#0" [stack: 0x000000fd2ad00000,0x000000fd2ae00000] [id=12472]
  0x00000272c9dd4ab0 ConcurrentGCThread "G1 Main Marker" [stack: 0x000000fd2ae00000,0x000000fd2af00000] [id=28296]
  0x00000272c9dd53e0 ConcurrentGCThread "G1 Conc#0" [stack: 0x000000fd2af00000,0x000000fd2b000000] [id=48764]

[error occurred during error reporting (printing all threads), id 0xc0000005, EXCEPTION_ACCESS_VIOLATION (0xc0000005) at pc=0x00007ffc0921f7f7]

VM state: not at safepoint (not fully initialized)

VM Mutex/Monitor currently owned by a thread:  ([mutex/lock_event])
[0x00000272c9d50ec0] Heap_lock - owner thread: 0x00000272c9d54530

Heap address: 0x0000000607c00000, size: 8068 MB, Compressed Oops mode: Zero based, Oop shift amount: 3

CDS archive(s) mapped at: [0x0000000000000000-0x0000000000000000-0x0000000000000000), size 0, SharedBaseAddress: 0x0000000800000000, ArchiveRelocationMode: 1.
Narrow klass base: 0x0000000000000000, Narrow klass shift: 0, Narrow klass range: 0x0

GC Precious Log:
<Empty>

Heap:
 garbage-first heap   total 0K, used 0K [0x0000000607c00000, 0x0000000800000000)
  region size 4096K, 0 young (0K), 0 survivors (0K)

[error occurred during error reporting (printing heap information), id 0xc0000005, EXCEPTION_ACCESS_VIOLATION (0xc0000005) at pc=0x00007ffc0960a7e9]

GC Heap History (0 events):
No events

Dll operation events (1 events):
Event: 0.010 Loaded shared library C:\Program Files\BellSoft\LibericaJDK-17\bin\java.dll

Deoptimization events (0 events):
No events

Classes loaded (0 events):
No events

Classes unloaded (0 events):
No events

Classes redefined (0 events):
No events

Internal exceptions (0 events):
No events

VM Operations (0 events):
No events

Memory protections (0 events):
No events

Nmethod flushes (0 events):
No events

Events (0 events):
No events


Dynamic libraries:
0x00007ff726470000 - 0x00007ff72647e000 	C:\Program Files\BellSoft\LibericaJDK-17\bin\javaw.exe
0x00007ffc91320000 - 0x00007ffc91587000 	C:\windows\SYSTEM32\ntdll.dll
0x00007ffc90500000 - 0x00007ffc905c9000 	C:\windows\System32\KERNEL32.DLL
0x00007ffc8e690000 - 0x00007ffc8ea81000 	C:\windows\System32\KERNELBASE.dll
0x00007ffc8eb70000 - 0x00007ffc8ecbb000 	C:\windows\System32\ucrtbase.dll
0x00007ffc79ec0000 - 0x00007ffc79ed7000 	C:\Program Files\BellSoft\LibericaJDK-17\bin\jli.dll
0x00007ffc8f8e0000 - 0x00007ffc8faa5000 	C:\windows\System32\USER32.dll
0x00007ffc79c80000 - 0x00007ffc79c9b000 	C:\Program Files\BellSoft\LibericaJDK-17\bin\VCRUNTIME140.dll
0x00007ffc8ea90000 - 0x00007ffc8eab7000 	C:\windows\System32\win32u.dll
0x00007ffc8fba0000 - 0x00007ffc8fbcb000 	C:\windows\System32\GDI32.dll
0x00007ffc8ed50000 - 0x00007ffc8ee7b000 	C:\windows\System32\gdi32full.dll
0x00007ffc8dc00000 - 0x00007ffc8dca3000 	C:\windows\System32\msvcp_win.dll
0x00007ffc5fa80000 - 0x00007ffc5fd13000 	C:\windows\WinSxS\amd64_microsoft.windows.common-controls_6595b64144ccf1df_6.0.26100.8037_none_3e092faae333b53b\COMCTL32.dll
0x00007ffc902a0000 - 0x00007ffc90349000 	C:\windows\System32\msvcrt.dll
0x00007ffc8f700000 - 0x00007ffc8f731000 	C:\windows\System32\IMM32.DLL
0x00007ffc79b80000 - 0x00007ffc79b8c000 	C:\Program Files\BellSoft\LibericaJDK-17\bin\vcruntime140_1.dll
0x00007ffc533d0000 - 0x00007ffc5345e000 	C:\Program Files\BellSoft\LibericaJDK-17\bin\msvcp140.dll
0x00007ffc08f30000 - 0x00007ffc09ba0000 	C:\Program Files\BellSoft\LibericaJDK-17\bin\server\jvm.dll
0x00007ffc8f740000 - 0x00007ffc8f7fb000 	C:\windows\System32\ADVAPI32.dll
0x00007ffc90960000 - 0x00007ffc90a07000 	C:\windows\System32\sechost.dll
0x00007ffc90100000 - 0x00007ffc90218000 	C:\windows\System32\RPCRT4.dll
0x00007ffc8fb20000 - 0x00007ffc8fb94000 	C:\windows\System32\WS2_32.dll
0x00007ffc7ecb0000 - 0x00007ffc7ecbb000 	C:\windows\SYSTEM32\VERSION.dll
0x00007ffc8da60000 - 0x00007ffc8dabe000 	C:\windows\SYSTEM32\POWRPROF.dll
0x00007ffc808d0000 - 0x00007ffc80905000 	C:\windows\SYSTEM32\WINMM.dll
0x00007ffc8da30000 - 0x00007ffc8da44000 	C:\windows\SYSTEM32\UMPDC.dll
0x00007ffc8c990000 - 0x00007ffc8c9ab000 	C:\windows\SYSTEM32\kernel.appcore.dll
0x00007ffc79b70000 - 0x00007ffc79b7a000 	C:\Program Files\BellSoft\LibericaJDK-17\bin\jimage.dll
0x00007ffc8bc40000 - 0x00007ffc8be82000 	C:\windows\SYSTEM32\DBGHELP.DLL
0x00007ffc905d0000 - 0x00007ffc90952000 	C:\windows\System32\combase.dll
0x00007ffc8f800000 - 0x00007ffc8f8d7000 	C:\windows\System32\OLEAUT32.dll
0x00007ffc634d0000 - 0x00007ffc6350b000 	C:\windows\SYSTEM32\dbgcore.DLL
0x00007ffc8eac0000 - 0x00007ffc8eb65000 	C:\windows\System32\bcryptPrimitives.dll
0x00007ffc77400000 - 0x00007ffc77425000 	C:\Program Files\BellSoft\LibericaJDK-17\bin\java.dll

dbghelp: loaded successfully - version: 4.0.5 - missing functions: none
symbol engine: initialized successfully - sym options: 0x614 - pdb path: .;C:\Program Files\BellSoft\LibericaJDK-17\bin;C:\windows\SYSTEM32;C:\windows\WinSxS\amd64_microsoft.windows.common-controls_6595b64144ccf1df_6.0.26100.8037_none_3e092faae333b53b;C:\Program Files\BellSoft\LibericaJDK-17\bin\server

VM Arguments:
jvm_args: -Dcom.sun.management.jmxremote -Dcom.sun.management.jmxremote.port=54536 -Dcom.sun.management.jmxremote.authenticate=false -Dcom.sun.management.jmxremote.ssl=false -Djava.rmi.server.hostname=localhost -Dspring.jmx.enabled=true -Dmanagement.endpoints.jmx.exposure.include=* -Dspring.application.admin.enabled=true -Djasypt.encryptor.password=my-project-key-99 -DMAIL_USERNAME=arlandzzz4@gmail.com -DMAIL_PASSWORD=uelnzzbdbavwlfww -Dspring.output.ansi.enabled=always -XX:TieredStopAtLevel=1 -Dspring.boot.project.name=demo -Dfile.encoding=UTF-8 -Dstdout.encoding=UTF-8 -Dstderr.encoding=UTF-8 -XX:+ShowCodeDetailsInExceptionMessages 
java_command: com.project.IoBApplication -Djasypt.encryptor.password=my-project-key-99 -DMAIL_USERNAME=arlandzzz4@gmail.com -DMAIL_PASSWORD=uelnzzbdbavwlfww
java_class_path (initial): C:\Users\kmj24\Project\ProjectSpring\bin\main;C:\Users\kmj24\Project\ProjectSpring\bin\default;C:\Users\kmj24\.gradle\caches\modules-2\files-2.1\com.querydsl\querydsl-apt\5.1.0\3b1cbe05851840b5dc926833908747a193c097cc\querydsl-apt-5.1.0-jakarta.jar;C:\Users\kmj24\.gradle\caches\modules-2\files-2.1\org.springframework.boot\spring-boot-starter-oauth2-client\3.4.3\235db1e72915a62aae0459c930082e5a649f802b\spring-boot-starter-oauth2-client-3.4.3.jar;C:\Users\kmj24\.gradle\caches\modules-2\files-2.1\org.springframework.boot\spring-boot-starter-oauth2-resource-server\3.4.3\4316e6f800b5fa7802f96844f35d528845df6739\spring-boot-starter-oauth2-resource-server-3.4.3.jar;C:\Users\kmj24\.gradle\caches\modules-2\files-2.1\org.springframework.boot\spring-boot-starter-oauth2-authorization-server\3.4.3\887dc320f29c57fb061c1e02fe7a0786baf8dd46\spring-boot-starter-oauth2-authorization-server-3.4.3.jar;C:\Users\kmj24\.gradle\caches\modules-2\files-2.1\org.springframework.boot\spring-boot-starter-web\3.4.3\87e7a401e7d249fefc7f372f5681e8620234624c\spring-boot-starter-web-3.4.3.jar;C:\Users\kmj24\.gradle\caches\modules-2\files-2.1\org.springframework.boot\spring-boot-starter-validation\3.4.3\cbbea0ff19a55bc84926a04be99045c7eba2420\spring-boot-starter-validation-3.4.3.jar;C:\Users\kmj24\.gradle\caches\modules-2\files-2.1\org.springframework.boot\spring-boot-starter-actuator\3.4.3\4b36856a017191d8b7948d4b7ffa4009ddf8c64\spring-boot-starter-actuator-3.4.3.jar;C:\Users\kmj24\.gradle\caches\modules-2\files-2.1\org.springframework.boot\spring-boot-starter-security\3.4.3\b474a2f9fdd7e46cfb662b13bb38d9da9e7682d0\spring-boot-starter-security-3.4.3.jar;C:\Users\kmj24\.gradle\caches\modules-2\files-2.1\org.springframework.boot\spring-boot-starter-data-jpa\3.4.3\29c90fec6e887dc01df09ea4c3548b5a04b7afb4\spring-boot-starter-data-jpa-3.4.3.jar;C:\Users\kmj24\.gradle\caches\modules-2\files-2.1\org.mybatis.spring.boot\mybatis-spring-boot-starter\3.0.5\91c44db6926ba623231866909e
Launcher Type: SUN_STANDARD

[Global flags]
     intx CICompilerCount                          = 4                                         {product} {ergonomic}
     uint ConcGCThreads                            = 2                                         {product} {ergonomic}
     uint G1ConcRefinementThreads                  = 8                                         {product} {ergonomic}
   size_t G1HeapRegionSize                         = 4194304                                   {product} {ergonomic}
    uintx GCDrainStackTargetSize                   = 64                                        {product} {ergonomic}
   size_t InitialHeapSize                          = 532676608                                 {product} {ergonomic}
     bool ManagementServer                         = true                                      {product} {command line}
   size_t MarkStackSize                            = 4194304                                   {product} {ergonomic}
   size_t MaxHeapSize                              = 8459911168                                {product} {ergonomic}
   size_t MinHeapDeltaBytes                        = 4194304                                   {product} {ergonomic}
   size_t MinHeapSize                              = 8388608                                   {product} {ergonomic}
    uintx NonProfiledCodeHeapSize                  = 0                                      {pd product} {ergonomic}
     bool ProfileInterpreter                       = false                                  {pd product} {command line}
    uintx ProfiledCodeHeapSize                     = 0                                      {pd product} {ergonomic}
     bool ShowCodeDetailsInExceptionMessages       = true                                   {manageable} {command line}
   size_t SoftMaxHeapSize                          = 8459911168                             {manageable} {ergonomic}
     intx TieredStopAtLevel                        = 1                                         {product} {command line}
     bool UseCompressedClassPointers               = true                           {product lp64_product} {ergonomic}
     bool UseCompressedOops                        = true                           {product lp64_product} {ergonomic}
     bool UseG1GC                                  = true                                      {product} {ergonomic}
     bool UseLargePagesIndividualAllocation        = false                                  {pd product} {ergonomic}

Logging:
Log output configuration:
 #0: stdout all=warning uptime,level,tags
 #1: stderr all=off uptime,level,tags

Environment Variables:
JAVA_HOME=C:\Program Files\BellSoft\LibericaJDK-17\
PATH=C:/Minss/spring-tools-for-eclipse-5.1.1.RELEASE-e4.39.0-win32.win32.x86_64/sts-5.1.1.RELEASE//plugins/org.eclipse.justj.openjdk.hotspot.jre.full.win32.x86_64_25.0.2.v20260203-1141/jre/bin/server;C:/Minss/spring-tools-for-eclipse-5.1.1.RELEASE-e4.39.0-win32.win32.x86_64/sts-5.1.1.RELEASE//plugins/org.eclipse.justj.openjdk.hotspot.jre.full.win32.x86_64_25.0.2.v20260203-1141/jre/bin;C:\Program Files\BellSoft\LibericaJDK-17\bin\;C:\windows\system32;C:\windows;C:\windows\System32\Wbem;C:\windows\System32\WindowsPowerShell\v1.0\;C:\windows\System32\OpenSSH\;C:\Program Files\dotnet\;C:\Program Files\Bandizip\;C:\Program Files\nodejs\;C:\Minss\Git\cmd;C:\Program Files\Docker\Docker\resources\bin;C:\Program Files\MySQL\MySQL Shell 8.0\bin\;C:\Users\kmj24\AppData\Local\Microsoft\WindowsApps;C:\Users\kmj24\AppData\Local\Programs\Microsoft VS Code\bin;C:\Users\kmj24\AppData\Roaming\npm;C:\Minss\spring-tools-for-eclipse-5.1.1.RELEASE-e4.39.0-win32.win32.x86_64\sts-5.1.1.RELEASE;
USERNAME=kmj24
OS=Windows_NT
PROCESSOR_IDENTIFIER=Intel64 Family 6 Model 189 Stepping 1, GenuineIntel
TMP=C:\Users\kmj24\AppData\Local\Temp
TEMP=C:\Users\kmj24\AppData\Local\Temp



Periodic native trim disabled


---------------  S Y S T E M  ---------------

OS:
 Windows 11 , 64 bit Build 26100 (10.0.26100.7920)
OS uptime: 12 days 7:36 hours
Hyper-V role detected

CPU: total 8 (initial active 8) (8 cores per cpu, 1 threads per core) family 6 model 189 stepping 1 microcode 0x125, cx8, cmov, fxsr, mmx, 3dnowpref, sse, sse2, sse3, ssse3, sse4.1, sse4.2, popcnt, lzcnt, tsc, tscinvbit, avx, avx2, aes, erms, clmul, bmi1, bmi2, adx, sha, fma, vzeroupper, clflush, clflushopt, clwb, hv
Processor Information for processor 0
  Max Mhz: 2200, Current Mhz: 2200, Mhz Limit: 2200
Processor Information for processor 1
  Max Mhz: 2200, Current Mhz: 2024, Mhz Limit: 2200
Processor Information for processor 2
  Max Mhz: 2200, Current Mhz: 2200, Mhz Limit: 2200
Processor Information for processor 3
  Max Mhz: 2200, Current Mhz: 2024, Mhz Limit: 2200
Processor Information for processor 4
  Max Mhz: 2200, Current Mhz: 2200, Mhz Limit: 2200
Processor Information for processor 5
  Max Mhz: 2200, Current Mhz: 2200, Mhz Limit: 2200
Processor Information for processor 6
  Max Mhz: 2200, Current Mhz: 2000, Mhz Limit: 2200
Processor Information for processor 7
  Max Mhz: 2200, Current Mhz: 2200, Mhz Limit: 2200

Memory: 4k page, system-wide physical 32257M (344M free)
TotalPageFile size 130561M (AvailPageFile size 5M)
current process WorkingSet (physical memory assigned to process): 13M, peak: 13M
current process commit charge ("private bytes"): 583M, peak: 583M

vm_info: OpenJDK 64-Bit Server VM (17.0.18+10-LTS) for windows-amd64 JRE (17.0.18+10-LTS), built on Jan 16 2026 22:36:17 by "" with MS VC++ 17.1 (VS2022)

END.
